14:58:04.934 2024/10/21 [Logger,LOG] File '/home/mgandhi/develop/frontend_redpitaya/run00001.mid' CRC32C checksum: 0x0faa7e9f, 51081463 bytes
14:58:04.934 2024/10/21 [Logger,LOG] File '/home/mgandhi/develop/frontend_redpitaya/run00001.mid.lz4' CRC32C checksum: 0x1a656e3e, 390222 bytes
14:58:04.943 2024/10/21 [mhttpd,INFO] Run #1 stopped
14:58:37.195 2024/10/21 [Logger,LOG] Program Logger on host localhost stopped
14:58:41.059 2024/10/21 [ODBEdit,LOG] Program ODBEdit on host localhost stopped
14:58:51.614 2024/10/21 [RP Streaming Frontend,LOG] Program RP Streaming Frontend on host localhost stopped
15:00:15.996 2024/10/21 [mhttpd,LOG] Program mhttpd on host localhost stopped
15:00:16.003 2024/10/21 [ODBEdit,INFO] Execute command from command line: "shutdown all"
10:21:06.936 2024/10/22 [Sample Frontend,LOG] Program Sample Frontend on host localhost started
10:21:16.023 2024/10/22 [Sample Frontend,LOG] Program Sample Frontend on host localhost stopped
10:26:04.249 2024/10/22 [SC Frontend,LOG] Program SC Frontend on host localhost started
10:26:04.249 2024/10/22 [SC Frontend,ERROR] [mscbdev.cxx:162:mscbdev_init,ERROR] Cannot connect to MSCB device "mscbxxx.psi.ch"
10:26:04.249 2024/10/22 [SC Frontend,ERROR] [mfe.cxx:839:initialize_equipment,ERROR] Equipment Environment disabled because of Hardware error
10:26:04.249 2024/10/22 [SC Frontend,INFO] Slow control equipment initialized
10:26:04.249 2024/10/22 [SC Frontend,LOG] Program SC Frontend on host localhost stopped
10:27:15.384 2024/10/22 [test,LOG] Program test on host localhost started
10:27:54.991 2024/10/22 [ODBEdit,ERROR] [odb.cxx:2043:db_open_database,ERROR] Removed ODB client 'test', index 0 because process pid 1519 does not exists
10:27:54.991 2024/10/22 [ODBEdit,INFO] Removed open record flag from "/Experiment/Security/RPC hosts/Allowed hosts"
10:27:54.991 2024/10/22 [ODBEdit,INFO] Removed exclusive access mode from "/Experiment/Security/RPC hosts/Allowed hosts"
10:27:54.991 2024/10/22 [ODBEdit,INFO] Corrected 1 ODB entries
10:27:54.991 2024/10/22 [ODBEdit,INFO] Deleted entry '/System/Clients/1519' for client 'test' because it is not connected to ODB
10:27:54.991 2024/10/22 [ODBEdit,INFO] Client 'test' on buffer 'SYSMSG' removed by bm_open_buffer because process pid 1519 does not exist
10:27:54.991 2024/10/22 [ODBEdit,LOG] Program ODBEdit on host localhost started
10:28:21.090 2024/10/22 [ODBEdit,LOG] Program ODBEdit on host localhost started
10:29:05.075 2024/10/22 [ODBEdit,LOG] Program ODBEdit on host localhost stopped
11:01:58.014 2024/10/22 [ODBEdit,LOG] Program ODBEdit on host localhost started
11:02:57.776 2024/10/22 [ODBEdit,LOG] Program ODBEdit on host localhost stopped
11:03:04.675 2024/10/22 [ODBEdit,LOG] Program ODBEdit on host localhost started
11:04:51.481 2024/10/22 [ODBEdit,LOG] Program ODBEdit on host localhost stopped
11:05:05.591 2024/10/22 [mhttpd,LOG] Program mhttpd on host localhost started
11:05:13.879 2024/10/22 [ODBEdit,LOG] Program ODBEdit on host localhost started
11:15:42.971 2024/10/22 [Logger,LOG] Program Logger on host localhost started
11:15:42.988 2024/10/22 [Logger,INFO] Per-variable history is enabled
11:22:50.753 2024/10/22 [Logger,LOG] Program Logger on host localhost stopped
11:22:56.451 2024/10/22 [ODBEdit,LOG] Program ODBEdit on host localhost stopped
11:26:51.528 2024/10/22 [ODBEdit,LOG] Program ODBEdit on host localhost started
11:26:55.983 2024/10/22 [Logger,LOG] Program Logger on host localhost started
11:26:55.997 2024/10/22 [Logger,INFO] Per-variable history is enabled
11:28:15.382 2024/10/22 [RP Streaming Frontend,LOG] Program RP Streaming Frontend on host localhost started
11:28:22.999 2024/10/22 [Logger,ERROR] [mlogger.cxx:6121:tr_start,ERROR] File '/home/mgandhi/develop/frontend_redpitaya/runlogs/run00002.mid.lz4' exists already, run start aborted
11:28:23.012 2024/10/22 [mhttpd,ERROR] [midas.cxx:4205:cm_transition_call,ERROR] Transition 1 aborted: client "Logger" returned status 603
11:28:23.012 2024/10/22 [mhttpd,ERROR] [midas.cxx:5237:cm_transition,ERROR] Could not start a run: cm_transition() status 603, message '(null)'
11:28:23.012 2024/10/22 [mhttpd,INFO] Run #2 start aborted
11:28:32.006 2024/10/22 [Logger,ERROR] [mlogger.cxx:6121:tr_start,ERROR] File '/home/mgandhi/develop/frontend_redpitaya/runlogs/run00003.mid.lz4' exists already, run start aborted
11:28:32.087 2024/10/22 [mhttpd,ERROR] [midas.cxx:4205:cm_transition_call,ERROR] Transition 1 aborted: client "Logger" returned status 603
11:28:32.087 2024/10/22 [mhttpd,ERROR] [midas.cxx:5237:cm_transition,ERROR] Could not start a run: cm_transition() status 603, message '(null)'
11:28:32.098 2024/10/22 [mhttpd,INFO] Run #3 start aborted
11:29:35.034 2024/10/22 [mhttpd,INFO] Run #4 started
11:30:41.547 2024/10/22 [Logger,INFO] History write operation took 6102 ms
11:30:42.149 2024/10/22 [Logger,ERROR] [odb.cxx:11730:db_get_record,ERROR] struct size mismatch for "/Equipment/Periodic/Variables/RPDA" (expected size: 33554432, size in ODB: 8192)
11:30:43.824 2024/10/22 [Logger,ERROR] [odb.cxx:11730:db_get_record,ERROR] struct size mismatch for "/Equipment/Periodic/Variables/RPDA" (expected size: 33554432, size in ODB: 8192)
11:30:59.770 2024/10/22 [Logger,ERROR] [odb.cxx:11730:db_get_record,ERROR] struct size mismatch for "/Equipment/Periodic/Variables/RPDA" (expected size: 33554432, size in ODB: 8192)
11:31:11.102 2024/10/22 [Logger,ERROR] [odb.cxx:11730:db_get_record,ERROR] struct size mismatch for "/Equipment/Periodic/Variables/RPDA" (expected size: 33554432, size in ODB: 8192)
11:34:25.298 2024/10/22 [Logger,ERROR] [odb.cxx:11730:db_get_record,ERROR] struct size mismatch for "/Equipment/Periodic/Variables/RPDA" (expected size: 33554432, size in ODB: 8192)
11:36:27.631 2024/10/22 [Logger,ERROR] [odb.cxx:11730:db_get_record,ERROR] struct size mismatch for "/Equipment/Periodic/Variables/RPDA" (expected size: 33554432, size in ODB: 8192)
11:38:13.278 2024/10/22 [Logger,ERROR] [odb.cxx:11730:db_get_record,ERROR] struct size mismatch for "/Equipment/Periodic/Variables/RPDA" (expected size: 33554432, size in ODB: 8192)
11:39:54.977 2024/10/22 [Logger,LOG] File '/home/mgandhi/develop/frontend_redpitaya/runlogs/run00004.mid' CRC32C checksum: 0x7e630f98, 100923157 bytes
11:39:54.977 2024/10/22 [Logger,LOG] File '/home/mgandhi/develop/frontend_redpitaya/runlogs/run00004.mid.lz4' CRC32C checksum: 0x7eefde94, 500713 bytes
11:39:54.987 2024/10/22 [mhttpd,INFO] Run #4 stopped
11:41:10.343 2024/10/22 [RP Streaming Frontend,LOG] Program RP Streaming Frontend on host localhost stopped
11:41:21.807 2024/10/22 [ODBEdit,LOG] Program ODBEdit on host localhost stopped
11:41:26.929 2024/10/22 [ODBEdit,LOG] Program ODBEdit on host localhost started
11:43:10.586 2024/10/22 [ODBEdit,LOG] Program ODBEdit on host localhost started
11:43:32.375 2024/10/22 [Logger,LOG] Program Logger on host localhost stopped
11:43:49.795 2024/10/22 [ODBEdit,LOG] Program ODBEdit on host localhost stopped
11:43:55.531 2024/10/22 [ODBEdit,LOG] Program ODBEdit on host localhost started
11:51:29.020 2024/10/22 [Logger,LOG] Program Logger on host localhost started
11:51:29.171 2024/10/22 [Logger,INFO] Per-variable history is enabled
11:51:29.177 2024/10/22 [Logger,INFO] Equipment "Periodic" history is enabled, but there are no Variables in ODB
11:53:21.477 2024/10/22 [RP Streaming Frontend,LOG] Program RP Streaming Frontend on host localhost started
11:53:26.336 2024/10/22 [Logger,INFO] Equipment "Periodic" history is enabled, but there are no Variables in ODB
11:53:26.466 2024/10/22 [RP Streaming Frontend,ERROR] [odb.cxx:556:realloc_data,ERROR] cannot malloc_data(33554432), called from db_set_data1
11:53:26.468 2024/10/22 [mhttpd,INFO] Run #5 started
11:53:26.471 2024/10/22 [RP Streaming Frontend,ERROR] [odb.cxx:7014:db_set_data1,ERROR] Cannot reallocate "/Equipment/Periodic/Variables/RPDA" with new size 33554432 bytes, online database full
11:53:26.472 2024/10/22 [RP Streaming Frontend,ERROR] [midas.cxx:17818:cm_write_event_to_odb,ERROR] cannot write bank "RPDA" to ODB, db_set_data1() status 310
11:53:27.466 2024/10/22 [RP Streaming Frontend,ERROR] [odb.cxx:556:realloc_data,ERROR] cannot malloc_data(33554432), called from db_set_data1
11:53:27.468 2024/10/22 [RP Streaming Frontend,ERROR] [odb.cxx:7014:db_set_data1,ERROR] Cannot reallocate "/Equipment/Periodic/Variables/RPDA" with new size 33554432 bytes, online database full
11:53:27.469 2024/10/22 [RP Streaming Frontend,ERROR] [midas.cxx:17818:cm_write_event_to_odb,ERROR] cannot write bank "RPDA" to ODB, db_set_data1() status 310
11:53:28.472 2024/10/22 [RP Streaming Frontend,ERROR] [odb.cxx:556:realloc_data,ERROR] cannot malloc_data(33554432), called from db_set_data1
11:53:28.475 2024/10/22 [RP Streaming Frontend,ERROR] [odb.cxx:7014:db_set_data1,ERROR] Cannot reallocate "/Equipment/Periodic/Variables/RPDA" with new size 33554432 bytes, online database full
11:53:28.476 2024/10/22 [RP Streaming Frontend,ERROR] [midas.cxx:17818:cm_write_event_to_odb,ERROR] cannot write bank "RPDA" to ODB, db_set_data1() status 310
11:53:29.470 2024/10/22 [RP Streaming Frontend,ERROR] [odb.cxx:556:realloc_data,ERROR] cannot malloc_data(33554432), called from db_set_data1
11:53:29.473 2024/10/22 [RP Streaming Frontend,ERROR] [odb.cxx:7014:db_set_data1,ERROR] Cannot reallocate "/Equipment/Periodic/Variables/RPDA" with new size 33554432 bytes, online database full
11:53:29.475 2024/10/22 [RP Streaming Frontend,ERROR] [midas.cxx:17818:cm_write_event_to_odb,ERROR] cannot write bank "RPDA" to ODB, db_set_data1() status 310
11:53:30.477 2024/10/22 [RP Streaming Frontend,ERROR] [odb.cxx:556:realloc_data,ERROR] cannot malloc_data(33554432), called from db_set_data1
11:53:30.482 2024/10/22 [RP Streaming Frontend,ERROR] [odb.cxx:7014:db_set_data1,ERROR] Cannot reallocate "/Equipment/Periodic/Variables/RPDA" with new size 33554432 bytes, online database full
11:53:30.486 2024/10/22 [RP Streaming Frontend,ERROR] [midas.cxx:17818:cm_write_event_to_odb,ERROR] cannot write bank "RPDA" to ODB, db_set_data1() status 310
11:53:31.481 2024/10/22 [RP Streaming Frontend,ERROR] [odb.cxx:556:realloc_data,ERROR] cannot malloc_data(33554432), called from db_set_data1
11:53:31.487 2024/10/22 [RP Streaming Frontend,ERROR] [odb.cxx:7014:db_set_data1,ERROR] Cannot reallocate "/Equipment/Periodic/Variables/RPDA" with new size 33554432 bytes, online database full
11:53:31.492 2024/10/22 [RP Streaming Frontend,ERROR] [midas.cxx:17818:cm_write_event_to_odb,ERROR] cannot write bank "RPDA" to ODB, db_set_data1() status 310
11:53:31.934 2024/10/22 [RP Streaming Frontend,LOG] Program RP Streaming Frontend on host localhost stopped
12:02:51.579 2024/10/22 [mhttpd,ERROR] [odb.cxx:5516:db_get_data_locked,ERROR] odb entry "/Equipment/Periodic/Variables/RPDA" data truncated, size is 8192 (4096*2), buffer size is only 0
12:02:52.611 2024/10/22 [mhttpd,ERROR] [odb.cxx:5516:db_get_data_locked,ERROR] odb entry "/Equipment/Periodic/Variables/RPDA" data truncated, size is 8192 (4096*2), buffer size is only 0
12:02:53.633 2024/10/22 [mhttpd,ERROR] [odb.cxx:5516:db_get_data_locked,ERROR] odb entry "/Equipment/Periodic/Variables/RPDA" data truncated, size is 8192 (4096*2), buffer size is only 0
12:02:54.641 2024/10/22 [mhttpd,ERROR] [odb.cxx:5516:db_get_data_locked,ERROR] odb entry "/Equipment/Periodic/Variables/RPDA" data truncated, size is 8192 (4096*2), buffer size is only 0
12:02:55.648 2024/10/22 [mhttpd,ERROR] [odb.cxx:5516:db_get_data_locked,ERROR] odb entry "/Equipment/Periodic/Variables/RPDA" data truncated, size is 8192 (4096*2), buffer size is only 0
12:02:56.656 2024/10/22 [mhttpd,ERROR] [odb.cxx:5516:db_get_data_locked,ERROR] odb entry "/Equipment/Periodic/Variables/RPDA" data truncated, size is 8192 (4096*2), buffer size is only 0
12:02:57.664 2024/10/22 [mhttpd,ERROR] [odb.cxx:5516:db_get_data_locked,ERROR] odb entry "/Equipment/Periodic/Variables/RPDA" data truncated, size is 8192 (4096*2), buffer size is only 0
12:02:58.673 2024/10/22 [mhttpd,ERROR] [odb.cxx:5516:db_get_data_locked,ERROR] odb entry "/Equipment/Periodic/Variables/RPDA" data truncated, size is 8192 (4096*2), buffer size is only 0
12:02:59.682 2024/10/22 [mhttpd,ERROR] [odb.cxx:5516:db_get_data_locked,ERROR] odb entry "/Equipment/Periodic/Variables/RPDA" data truncated, size is 8192 (4096*2), buffer size is only 0
12:03:00.692 2024/10/22 [mhttpd,ERROR] [odb.cxx:5516:db_get_data_locked,ERROR] odb entry "/Equipment/Periodic/Variables/RPDA" data truncated, size is 8192 (4096*2), buffer size is only 0
12:03:01.700 2024/10/22 [mhttpd,ERROR] [odb.cxx:5516:db_get_data_locked,ERROR] odb entry "/Equipment/Periodic/Variables/RPDA" data truncated, size is 8192 (4096*2), buffer size is only 0
12:03:02.710 2024/10/22 [mhttpd,ERROR] [odb.cxx:5516:db_get_data_locked,ERROR] odb entry "/Equipment/Periodic/Variables/RPDA" data truncated, size is 8192 (4096*2), buffer size is only 0
12:03:03.721 2024/10/22 [mhttpd,ERROR] [odb.cxx:5516:db_get_data_locked,ERROR] odb entry "/Equipment/Periodic/Variables/RPDA" data truncated, size is 8192 (4096*2), buffer size is only 0
12:03:04.729 2024/10/22 [mhttpd,ERROR] [odb.cxx:5516:db_get_data_locked,ERROR] odb entry "/Equipment/Periodic/Variables/RPDA" data truncated, size is 8192 (4096*2), buffer size is only 0
12:03:05.737 2024/10/22 [mhttpd,ERROR] [odb.cxx:5516:db_get_data_locked,ERROR] odb entry "/Equipment/Periodic/Variables/RPDA" data truncated, size is 8192 (4096*2), buffer size is only 0
12:03:06.744 2024/10/22 [mhttpd,ERROR] [odb.cxx:5516:db_get_data_locked,ERROR] odb entry "/Equipment/Periodic/Variables/RPDA" data truncated, size is 8192 (4096*2), buffer size is only 0
12:03:07.753 2024/10/22 [mhttpd,ERROR] [odb.cxx:5516:db_get_data_locked,ERROR] odb entry "/Equipment/Periodic/Variables/RPDA" data truncated, size is 8192 (4096*2), buffer size is only 0
12:03:08.761 2024/10/22 [mhttpd,ERROR] [odb.cxx:5516:db_get_data_locked,ERROR] odb entry "/Equipment/Periodic/Variables/RPDA" data truncated, size is 8192 (4096*2), buffer size is only 0
12:03:09.769 2024/10/22 [mhttpd,ERROR] [odb.cxx:5516:db_get_data_locked,ERROR] odb entry "/Equipment/Periodic/Variables/RPDA" data truncated, size is 8192 (4096*2), buffer size is only 0
12:03:10.777 2024/10/22 [mhttpd,ERROR] [odb.cxx:5516:db_get_data_locked,ERROR] odb entry "/Equipment/Periodic/Variables/RPDA" data truncated, size is 8192 (4096*2), buffer size is only 0
12:03:11.785 2024/10/22 [mhttpd,ERROR] [odb.cxx:5516:db_get_data_locked,ERROR] odb entry "/Equipment/Periodic/Variables/RPDA" data truncated, size is 8192 (4096*2), buffer size is only 0
12:03:12.795 2024/10/22 [mhttpd,ERROR] [odb.cxx:5516:db_get_data_locked,ERROR] odb entry "/Equipment/Periodic/Variables/RPDA" data truncated, size is 8192 (4096*2), buffer size is only 0
12:03:13.805 2024/10/22 [mhttpd,ERROR] [odb.cxx:5516:db_get_data_locked,ERROR] odb entry "/Equipment/Periodic/Variables/RPDA" data truncated, size is 8192 (4096*2), buffer size is only 0
12:03:14.814 2024/10/22 [mhttpd,ERROR] [odb.cxx:5516:db_get_data_locked,ERROR] odb entry "/Equipment/Periodic/Variables/RPDA" data truncated, size is 8192 (4096*2), buffer size is only 0
12:03:15.822 2024/10/22 [mhttpd,ERROR] [odb.cxx:5516:db_get_data_locked,ERROR] odb entry "/Equipment/Periodic/Variables/RPDA" data truncated, size is 8192 (4096*2), buffer size is only 0
12:03:16.827 2024/10/22 [mhttpd,ERROR] [odb.cxx:5516:db_get_data_locked,ERROR] odb entry "/Equipment/Periodic/Variables/RPDA" data truncated, size is 8192 (4096*2), buffer size is only 0
12:03:17.831 2024/10/22 [mhttpd,ERROR] [odb.cxx:5516:db_get_data_locked,ERROR] odb entry "/Equipment/Periodic/Variables/RPDA" data truncated, size is 8192 (4096*2), buffer size is only 0
12:03:18.839 2024/10/22 [mhttpd,ERROR] [odb.cxx:5516:db_get_data_locked,ERROR] odb entry "/Equipment/Periodic/Variables/RPDA" data truncated, size is 8192 (4096*2), buffer size is only 0
12:03:19.846 2024/10/22 [mhttpd,ERROR] [odb.cxx:5516:db_get_data_locked,ERROR] odb entry "/Equipment/Periodic/Variables/RPDA" data truncated, size is 8192 (4096*2), buffer size is only 0
12:03:20.851 2024/10/22 [mhttpd,ERROR] [odb.cxx:5516:db_get_data_locked,ERROR] odb entry "/Equipment/Periodic/Variables/RPDA" data truncated, size is 8192 (4096*2), buffer size is only 0
12:03:21.856 2024/10/22 [mhttpd,ERROR] [odb.cxx:5516:db_get_data_locked,ERROR] odb entry "/Equipment/Periodic/Variables/RPDA" data truncated, size is 8192 (4096*2), buffer size is only 0
12:03:22.864 2024/10/22 [mhttpd,ERROR] [odb.cxx:5516:db_get_data_locked,ERROR] odb entry "/Equipment/Periodic/Variables/RPDA" data truncated, size is 8192 (4096*2), buffer size is only 0
12:03:23.871 2024/10/22 [mhttpd,ERROR] [odb.cxx:5516:db_get_data_locked,ERROR] odb entry "/Equipment/Periodic/Variables/RPDA" data truncated, size is 8192 (4096*2), buffer size is only 0
12:03:24.878 2024/10/22 [mhttpd,ERROR] [odb.cxx:5516:db_get_data_locked,ERROR] odb entry "/Equipment/Periodic/Variables/RPDA" data truncated, size is 8192 (4096*2), buffer size is only 0
12:03:25.886 2024/10/22 [mhttpd,ERROR] [odb.cxx:5516:db_get_data_locked,ERROR] odb entry "/Equipment/Periodic/Variables/RPDA" data truncated, size is 8192 (4096*2), buffer size is only 0
12:03:26.893 2024/10/22 [mhttpd,ERROR] [odb.cxx:5516:db_get_data_locked,ERROR] odb entry "/Equipment/Periodic/Variables/RPDA" data truncated, size is 8192 (4096*2), buffer size is only 0
12:03:27.899 2024/10/22 [mhttpd,ERROR] [odb.cxx:5516:db_get_data_locked,ERROR] odb entry "/Equipment/Periodic/Variables/RPDA" data truncated, size is 8192 (4096*2), buffer size is only 0
12:03:28.924 2024/10/22 [mhttpd,ERROR] [odb.cxx:5516:db_get_data_locked,ERROR] odb entry "/Equipment/Periodic/Variables/RPDA" data truncated, size is 8192 (4096*2), buffer size is only 0
12:03:29.934 2024/10/22 [mhttpd,ERROR] [odb.cxx:5516:db_get_data_locked,ERROR] odb entry "/Equipment/Periodic/Variables/RPDA" data truncated, size is 8192 (4096*2), buffer size is only 0
12:03:31.033 2024/10/22 [mhttpd,ERROR] [odb.cxx:5516:db_get_data_locked,ERROR] odb entry "/Equipment/Periodic/Variables/RPDA" data truncated, size is 8192 (4096*2), buffer size is only 0
12:03:32.056 2024/10/22 [mhttpd,ERROR] [odb.cxx:5516:db_get_data_locked,ERROR] odb entry "/Equipment/Periodic/Variables/RPDA" data truncated, size is 8192 (4096*2), buffer size is only 0
12:03:46.871 2024/10/22 [Logger,LOG] Program Logger on host localhost stopped
12:03:57.328 2024/10/22 [ODBEdit,ERROR] [odb.cxx:1209:db_validate_key,ERROR] hkey 186496, path "/Equipment/Periodic/Variables/RPDA", corrected pkey->total_size from 0 to 2*4096=8192
12:03:57.328 2024/10/22 [ODBEdit,ERROR] [odb.cxx:1216:db_validate_key,ERROR] hkey 186496, path "/Equipment/Periodic/Variables/RPDA", pkey->data is zero, corrected pkey->num_values 4096 and pkey->total_size 8192 to be zero, should be zero
12:03:57.328 2024/10/22 [ODBEdit,ERROR] [odb.cxx:1753:db_validate_db,ERROR] Error: ODB corruption detected, see previous messages
12:03:57.328 2024/10/22 [ODBEdit,LOG] Program ODBEdit on host localhost started
12:06:21.958 2024/10/22 [ODBEdit,LOG] Program ODBEdit on host localhost stopped
12:06:25.770 2024/10/22 [ODBEdit,LOG] Program ODBEdit on host localhost started
12:07:34.410 2024/10/22 [ODBEdit,LOG] Program ODBEdit on host localhost stopped
12:07:38.471 2024/10/22 [ODBEdit,LOG] Program ODBEdit on host localhost started
12:07:46.027 2024/10/22 [Logger,LOG] Program Logger on host localhost started
12:07:46.037 2024/10/22 [Logger,INFO] Per-variable history is enabled
12:07:46.037 2024/10/22 [Logger,INFO] Equipment "Periodic" history is enabled, but there are no Variables in ODB
12:07:46.038 2024/10/22 [Logger,ERROR] [mlogger.cxx:5396:open_history,ERROR] History event Hardware has no variables in ODB
12:08:59.418 2024/10/22 [Logger,LOG] Program Logger on host localhost stopped
12:09:01.262 2024/10/22 [Logger,LOG] Program Logger on host localhost started
12:09:01.269 2024/10/22 [Logger,INFO] Per-variable history is enabled
12:09:01.269 2024/10/22 [Logger,INFO] Equipment "Periodic" history is enabled, but there are no Variables in ODB
12:09:13.165 2024/10/22 [ODBEdit,LOG] Program ODBEdit on host localhost stopped
12:09:19.919 2024/10/22 [Logger,LOG] Program Logger on host localhost stopped
12:10:31.304 2024/10/22 [Logger,LOG] Program Logger on host localhost started
12:10:31.312 2024/10/22 [Logger,INFO] Per-variable history is enabled
12:10:31.312 2024/10/22 [Logger,INFO] Equipment "Periodic" history is enabled, but there are no Variables in ODB
12:10:34.672 2024/10/22 [ODBEdit,LOG] Program ODBEdit on host localhost started
12:10:52.671 2024/10/22 [RP Streaming Frontend,LOG] Program RP Streaming Frontend on host localhost started
12:10:53.664 2024/10/22 [RP Streaming Frontend,ERROR] [odb.cxx:556:realloc_data,ERROR] cannot malloc_data(33554432), called from db_set_data1
12:10:53.665 2024/10/22 [RP Streaming Frontend,ERROR] [odb.cxx:7014:db_set_data1,ERROR] Cannot reallocate "/Equipment/Periodic/Variables/RPDA" with new size 33554432 bytes, online database full
12:10:53.666 2024/10/22 [RP Streaming Frontend,ERROR] [midas.cxx:17818:cm_write_event_to_odb,ERROR] cannot write bank "RPDA" to ODB, db_set_data1() status 310
12:10:54.673 2024/10/22 [RP Streaming Frontend,ERROR] [odb.cxx:556:realloc_data,ERROR] cannot malloc_data(33554432), called from db_set_data1
12:10:54.674 2024/10/22 [RP Streaming Frontend,ERROR] [odb.cxx:7014:db_set_data1,ERROR] Cannot reallocate "/Equipment/Periodic/Variables/RPDA" with new size 33554432 bytes, online database full
12:10:54.675 2024/10/22 [RP Streaming Frontend,ERROR] [midas.cxx:17818:cm_write_event_to_odb,ERROR] cannot write bank "RPDA" to ODB, db_set_data1() status 310
12:10:55.676 2024/10/22 [RP Streaming Frontend,ERROR] [odb.cxx:556:realloc_data,ERROR] cannot malloc_data(33554432), called from db_set_data1
12:10:55.677 2024/10/22 [RP Streaming Frontend,ERROR] [odb.cxx:7014:db_set_data1,ERROR] Cannot reallocate "/Equipment/Periodic/Variables/RPDA" with new size 33554432 bytes, online database full
12:10:55.678 2024/10/22 [RP Streaming Frontend,ERROR] [midas.cxx:17818:cm_write_event_to_odb,ERROR] cannot write bank "RPDA" to ODB, db_set_data1() status 310
12:10:56.678 2024/10/22 [RP Streaming Frontend,ERROR] [odb.cxx:556:realloc_data,ERROR] cannot malloc_data(33554432), called from db_set_data1
12:10:56.680 2024/10/22 [RP Streaming Frontend,ERROR] [odb.cxx:7014:db_set_data1,ERROR] Cannot reallocate "/Equipment/Periodic/Variables/RPDA" with new size 33554432 bytes, online database full
12:10:56.681 2024/10/22 [RP Streaming Frontend,ERROR] [midas.cxx:17818:cm_write_event_to_odb,ERROR] cannot write bank "RPDA" to ODB, db_set_data1() status 310
12:10:57.683 2024/10/22 [RP Streaming Frontend,ERROR] [odb.cxx:556:realloc_data,ERROR] cannot malloc_data(33554432), called from db_set_data1
12:10:57.685 2024/10/22 [RP Streaming Frontend,ERROR] [odb.cxx:7014:db_set_data1,ERROR] Cannot reallocate "/Equipment/Periodic/Variables/RPDA" with new size 33554432 bytes, online database full
12:10:57.686 2024/10/22 [RP Streaming Frontend,ERROR] [midas.cxx:17818:cm_write_event_to_odb,ERROR] cannot write bank "RPDA" to ODB, db_set_data1() status 310
12:10:58.688 2024/10/22 [RP Streaming Frontend,ERROR] [odb.cxx:556:realloc_data,ERROR] cannot malloc_data(33554432), called from db_set_data1
12:10:58.689 2024/10/22 [RP Streaming Frontend,ERROR] [odb.cxx:7014:db_set_data1,ERROR] Cannot reallocate "/Equipment/Periodic/Variables/RPDA" with new size 33554432 bytes, online database full
12:10:58.691 2024/10/22 [RP Streaming Frontend,ERROR] [midas.cxx:17818:cm_write_event_to_odb,ERROR] cannot write bank "RPDA" to ODB, db_set_data1() status 310
12:10:59.690 2024/10/22 [RP Streaming Frontend,ERROR] [odb.cxx:556:realloc_data,ERROR] cannot malloc_data(33554432), called from db_set_data1
12:10:59.692 2024/10/22 [RP Streaming Frontend,ERROR] [odb.cxx:7014:db_set_data1,ERROR] Cannot reallocate "/Equipment/Periodic/Variables/RPDA" with new size 33554432 bytes, online database full
12:10:59.693 2024/10/22 [RP Streaming Frontend,ERROR] [midas.cxx:17818:cm_write_event_to_odb,ERROR] cannot write bank "RPDA" to ODB, db_set_data1() status 310
12:11:00.695 2024/10/22 [RP Streaming Frontend,ERROR] [odb.cxx:556:realloc_data,ERROR] cannot malloc_data(33554432), called from db_set_data1
12:11:00.697 2024/10/22 [RP Streaming Frontend,ERROR] [odb.cxx:7014:db_set_data1,ERROR] Cannot reallocate "/Equipment/Periodic/Variables/RPDA" with new size 33554432 bytes, online database full
12:11:00.698 2024/10/22 [RP Streaming Frontend,ERROR] [midas.cxx:17818:cm_write_event_to_odb,ERROR] cannot write bank "RPDA" to ODB, db_set_data1() status 310
12:11:01.701 2024/10/22 [RP Streaming Frontend,ERROR] [odb.cxx:556:realloc_data,ERROR] cannot malloc_data(33554432), called from db_set_data1
12:11:01.703 2024/10/22 [RP Streaming Frontend,ERROR] [odb.cxx:7014:db_set_data1,ERROR] Cannot reallocate "/Equipment/Periodic/Variables/RPDA" with new size 33554432 bytes, online database full
12:11:01.704 2024/10/22 [RP Streaming Frontend,ERROR] [midas.cxx:17818:cm_write_event_to_odb,ERROR] cannot write bank "RPDA" to ODB, db_set_data1() status 310
12:11:02.705 2024/10/22 [RP Streaming Frontend,ERROR] [odb.cxx:556:realloc_data,ERROR] cannot malloc_data(33554432), called from db_set_data1
12:11:02.706 2024/10/22 [RP Streaming Frontend,ERROR] [odb.cxx:7014:db_set_data1,ERROR] Cannot reallocate "/Equipment/Periodic/Variables/RPDA" with new size 33554432 bytes, online database full
12:11:02.708 2024/10/22 [RP Streaming Frontend,ERROR] [midas.cxx:17818:cm_write_event_to_odb,ERROR] cannot write bank "RPDA" to ODB, db_set_data1() status 310
12:11:03.710 2024/10/22 [RP Streaming Frontend,ERROR] [odb.cxx:556:realloc_data,ERROR] cannot malloc_data(33554432), called from db_set_data1
12:11:03.712 2024/10/22 [RP Streaming Frontend,ERROR] [odb.cxx:7014:db_set_data1,ERROR] Cannot reallocate "/Equipment/Periodic/Variables/RPDA" with new size 33554432 bytes, online database full
12:11:03.714 2024/10/22 [RP Streaming Frontend,ERROR] [midas.cxx:17818:cm_write_event_to_odb,ERROR] cannot write bank "RPDA" to ODB, db_set_data1() status 310
12:11:04.717 2024/10/22 [RP Streaming Frontend,ERROR] [odb.cxx:556:realloc_data,ERROR] cannot malloc_data(33554432), called from db_set_data1
12:11:04.719 2024/10/22 [RP Streaming Frontend,ERROR] [odb.cxx:7014:db_set_data1,ERROR] Cannot reallocate "/Equipment/Periodic/Variables/RPDA" with new size 33554432 bytes, online database full
12:11:04.721 2024/10/22 [RP Streaming Frontend,ERROR] [midas.cxx:17818:cm_write_event_to_odb,ERROR] cannot write bank "RPDA" to ODB, db_set_data1() status 310
12:11:05.724 2024/10/22 [RP Streaming Frontend,ERROR] [odb.cxx:556:realloc_data,ERROR] cannot malloc_data(33554432), called from db_set_data1
12:11:05.726 2024/10/22 [RP Streaming Frontend,ERROR] [odb.cxx:7014:db_set_data1,ERROR] Cannot reallocate "/Equipment/Periodic/Variables/RPDA" with new size 33554432 bytes, online database full
12:11:05.728 2024/10/22 [RP Streaming Frontend,ERROR] [midas.cxx:17818:cm_write_event_to_odb,ERROR] cannot write bank "RPDA" to ODB, db_set_data1() status 310
12:11:06.721 2024/10/22 [RP Streaming Frontend,ERROR] [odb.cxx:556:realloc_data,ERROR] cannot malloc_data(33554432), called from db_set_data1
12:11:06.723 2024/10/22 [RP Streaming Frontend,ERROR] [odb.cxx:7014:db_set_data1,ERROR] Cannot reallocate "/Equipment/Periodic/Variables/RPDA" with new size 33554432 bytes, online database full
12:11:06.725 2024/10/22 [RP Streaming Frontend,ERROR] [midas.cxx:17818:cm_write_event_to_odb,ERROR] cannot write bank "RPDA" to ODB, db_set_data1() status 310
12:11:07.725 2024/10/22 [RP Streaming Frontend,ERROR] [odb.cxx:556:realloc_data,ERROR] cannot malloc_data(33554432), called from db_set_data1
12:11:07.727 2024/10/22 [RP Streaming Frontend,ERROR] [odb.cxx:7014:db_set_data1,ERROR] Cannot reallocate "/Equipment/Periodic/Variables/RPDA" with new size 33554432 bytes, online database full
12:11:07.729 2024/10/22 [RP Streaming Frontend,ERROR] [midas.cxx:17818:cm_write_event_to_odb,ERROR] cannot write bank "RPDA" to ODB, db_set_data1() status 310
12:11:08.726 2024/10/22 [RP Streaming Frontend,ERROR] [odb.cxx:556:realloc_data,ERROR] cannot malloc_data(33554432), called from db_set_data1
12:11:08.728 2024/10/22 [RP Streaming Frontend,ERROR] [odb.cxx:7014:db_set_data1,ERROR] Cannot reallocate "/Equipment/Periodic/Variables/RPDA" with new size 33554432 bytes, online database full
12:11:08.729 2024/10/22 [RP Streaming Frontend,ERROR] [midas.cxx:17818:cm_write_event_to_odb,ERROR] cannot write bank "RPDA" to ODB, db_set_data1() status 310
12:11:09.737 2024/10/22 [RP Streaming Frontend,ERROR] [odb.cxx:556:realloc_data,ERROR] cannot malloc_data(33554432), called from db_set_data1
12:11:09.739 2024/10/22 [RP Streaming Frontend,ERROR] [odb.cxx:7014:db_set_data1,ERROR] Cannot reallocate "/Equipment/Periodic/Variables/RPDA" with new size 33554432 bytes, online database full
12:11:09.741 2024/10/22 [RP Streaming Frontend,ERROR] [midas.cxx:17818:cm_write_event_to_odb,ERROR] cannot write bank "RPDA" to ODB, db_set_data1() status 310
12:11:10.744 2024/10/22 [RP Streaming Frontend,ERROR] [odb.cxx:556:realloc_data,ERROR] cannot malloc_data(33554432), called from db_set_data1
12:11:10.746 2024/10/22 [RP Streaming Frontend,ERROR] [odb.cxx:7014:db_set_data1,ERROR] Cannot reallocate "/Equipment/Periodic/Variables/RPDA" with new size 33554432 bytes, online database full
12:11:10.747 2024/10/22 [RP Streaming Frontend,ERROR] [midas.cxx:17818:cm_write_event_to_odb,ERROR] cannot write bank "RPDA" to ODB, db_set_data1() status 310
12:11:11.129 2024/10/22 [RP Streaming Frontend,LOG] Program RP Streaming Frontend on host localhost stopped
12:11:59.430 2024/10/22 [Logger,LOG] Program Logger on host localhost stopped
12:12:01.612 2024/10/22 [ODBEdit,LOG] Program ODBEdit on host localhost stopped
12:12:12.201 2024/10/22 [ODBEdit,ERROR] [odb.cxx:1209:db_validate_key,ERROR] hkey 183168, path "/Equipment/Periodic/Variables/RPDA", corrected pkey->total_size from 0 to 2*4096=8192
12:12:12.201 2024/10/22 [ODBEdit,ERROR] [odb.cxx:1216:db_validate_key,ERROR] hkey 183168, path "/Equipment/Periodic/Variables/RPDA", pkey->data is zero, corrected pkey->num_values 4096 and pkey->total_size 8192 to be zero, should be zero
12:12:12.201 2024/10/22 [ODBEdit,ERROR] [odb.cxx:1753:db_validate_db,ERROR] Error: ODB corruption detected, see previous messages
12:12:13.269 2024/10/22 [mhttpd,LOG] Program mhttpd on host localhost stopped
12:12:13.320 2024/10/22 [ODBEdit,INFO] Execute command from command line: "shutdown all"
12:24:26.824 2024/10/22 [ODBEdit,LOG] Program ODBEdit on host localhost stopped
12:24:30.893 2024/10/22 [ODBEdit,LOG] Program ODBEdit on host localhost started
12:25:11.439 2024/10/22 [Logger,INFO] Equipment "Periodic" history is enabled, but there are no Variables in ODB
12:25:11.583 2024/10/22 [mhttpd,INFO] Run #1 started
12:25:46.740 2024/10/22 [ODBEdit,LOG] Program ODBEdit on host localhost started
12:42:14.102 2024/10/22 [RP Streaming Frontend,INFO] Client 'ODBEdit' on buffer 'SYSMSG' removed by cm_periodic_tasks (idle 10.4s, timeout 10s)
12:42:14.102 2024/10/22 [RP Streaming Frontend,INFO] Client 'ODBEdit' on database 'ODB' pid 5247 timed out and db_cleanup called by cm_periodic_tasks removed it (idle 10.4s,TO 10s)
12:43:58.311 2024/10/22 [ODBEdit,LOG] Program ODBEdit on host localhost started
12:44:09.043 2024/10/22 [ODBEdit,LOG] Program ODBEdit on host localhost stopped
12:44:15.103 2024/10/22 [ODBEdit,LOG] Program ODBEdit on host localhost started
12:45:09.004 2024/10/22 [ODBEdit,LOG] Program ODBEdit on host localhost started
12:52:42.693 2024/10/22 [mhttpd,INFO] Run #1 paused
12:53:50.334 2024/10/22 [ODBEdit,LOG] Program ODBEdit on host localhost stopped
12:57:57.422 2024/10/22 [Logger,LOG] Program Logger on host localhost stopped
12:58:13.210 2024/10/22 [mhttpd,INFO] Run #1 stopped
12:58:15.149 2024/10/22 [RP Streaming Frontend,LOG] Program RP Streaming Frontend on host localhost stopped
12:58:39.479 2024/10/22 [mhttpd,LOG] Program mhttpd on host localhost stopped
12:58:39.572 2024/10/22 [ODBEdit,INFO] Execute command from command line: "shutdown all"
